<?xml version="1.0" encoding="UTF-8"?>
<testng-results ignored="0" total="11" passed="9" failed="2" skipped="0">
  <reporter-output>
  </reporter-output>
  <suite started-at="2023-12-14T13:26:09 IST" name="Default suite" finished-at="2023-12-14T13:35:27 IST" duration-ms="557408">
    <groups>
      <group name="cucumber">
        <method signature="AbstractTestNGCucumberTests.runScenario(io.cucumber.testng.PickleWrapper,io.cucumber.testng.FeatureWrapper)[pri:0, instance:com.ecommerce.qa.runners.TestNGRunner@3f191845]" name="runScenario" class="io.cucumber.testng.AbstractTestNGCucumberTests"/>
      </group> <!-- cucumber -->
    </groups>
    <test started-at="2023-12-14T13:26:09 IST" name="Default test" finished-at="2023-12-14T13:35:27 IST" duration-ms="557408">
      <class name="com.ecommerce.qa.runners.TestNGRunner">
        <test-method is-config="true" signature="setUpClass(org.testng.ITestContext)[pri:0, instance:com.ecommerce.qa.runners.TestNGRunner@3f191845]" started-at="2023-12-14T13:26:10 IST" name="setUpClass" finished-at="2023-12-14T13:26:11 IST" duration-ms="1114" status="PASS">
          <params>
            <param index="0">
              <value>
                <![CDATA[org.testng.TestRunner@3e8eea59]]>
              </value>
            </param>
          </params>
          <reporter-output>
          </reporter-output>
        </test-method> <!-- setUpClass -->
        <test-method signature="runScenario(io.cucumber.testng.PickleWrapper,io.cucumber.testng.FeatureWrapper)[pri:0, instance:com.ecommerce.qa.runners.TestNGRunner@3f191845]" started-at="2023-12-14T13:26:11 IST" name="runScenario" description="Runs Cucumber Scenarios" data-provider="scenarios" finished-at="2023-12-14T13:28:48 IST" duration-ms="157836" status="PASS">
          <params>
            <param index="0">
              <value>
                <![CDATA["To test the SignUp functionality with valid data"]]>
              </value>
            </param>
            <param index="1">
              <value>
                <![CDATA["Signup functionality"]]>
              </value>
            </param>
          </params>
          <reporter-output>
          </reporter-output>
        </test-method> <!-- runScenario -->
        <test-method signature="runScenario(io.cucumber.testng.PickleWrapper,io.cucumber.testng.FeatureWrapper)[pri:0, instance:com.ecommerce.qa.runners.TestNGRunner@3f191845]" started-at="2023-12-14T13:28:48 IST" name="runScenario" description="Runs Cucumber Scenarios" data-provider="scenarios" finished-at="2023-12-14T13:29:10 IST" duration-ms="21618" status="FAIL">
          <params>
            <param index="0">
              <value>
                <![CDATA["To test the SignUp functionality with Invalid data"]]>
              </value>
            </param>
            <param index="1">
              <value>
                <![CDATA["Signup functionality"]]>
              </value>
            </param>
          </params>
          <exception class="java.lang.AssertionError">
            <message>
              <![CDATA[The following asserts failed:
Signout is not present]]>
            </message>
            <full-stacktrace>
              <![CDATA[java.lang.AssertionError: The following asserts failed:
Signout is not present
at org.testng.asserts.SoftAssert.assertAll(SoftAssert.java:47)
at org.testng.asserts.SoftAssert.assertAll(SoftAssert.java:31)
at com.ecommerce.qa.steps.SignUpSteps.user_try_to_click_on_create_account(SignUpSteps.java:112)
at ✽.User try to click on create account(file:///C:/Users/kesava%20nagendra/eclipse-workspace/RLLFinal6-main/src/test/java/com/ecommerce/qa/features/A_SignUp.feature:19)
]]>
            </full-stacktrace>
          </exception> <!-- java.lang.AssertionError -->
          <reporter-output>
          </reporter-output>
        </test-method> <!-- runScenario -->
        <test-method signature="runScenario(io.cucumber.testng.PickleWrapper,io.cucumber.testng.FeatureWrapper)[pri:0, instance:com.ecommerce.qa.runners.TestNGRunner@3f191845]" started-at="2023-12-14T13:29:10 IST" name="runScenario" description="Runs Cucumber Scenarios" data-provider="scenarios" finished-at="2023-12-14T13:29:28 IST" duration-ms="17762" status="FAIL">
          <params>
            <param index="0">
              <value>
                <![CDATA["To test the SignUp functionality with Invalid data"]]>
              </value>
            </param>
            <param index="1">
              <value>
                <![CDATA["Signup functionality"]]>
              </value>
            </param>
          </params>
          <exception class="java.lang.AssertionError">
            <message>
              <![CDATA[The following asserts failed:
Signout is not present]]>
            </message>
            <full-stacktrace>
              <![CDATA[java.lang.AssertionError: The following asserts failed:
Signout is not present
at org.testng.asserts.SoftAssert.assertAll(SoftAssert.java:47)
at org.testng.asserts.SoftAssert.assertAll(SoftAssert.java:31)
at com.ecommerce.qa.steps.SignUpSteps.user_try_to_click_on_create_account(SignUpSteps.java:112)
at ✽.User try to click on create account(file:///C:/Users/kesava%20nagendra/eclipse-workspace/RLLFinal6-main/src/test/java/com/ecommerce/qa/features/A_SignUp.feature:19)
]]>
            </full-stacktrace>
          </exception> <!-- java.lang.AssertionError -->
          <reporter-output>
          </reporter-output>
        </test-method> <!-- runScenario -->
        <test-method signature="runScenario(io.cucumber.testng.PickleWrapper,io.cucumber.testng.FeatureWrapper)[pri:0, instance:com.ecommerce.qa.runners.TestNGRunner@3f191845]" started-at="2023-12-14T13:29:28 IST" name="runScenario" description="Runs Cucumber Scenarios" data-provider="scenarios" finished-at="2023-12-14T13:30:08 IST" duration-ms="39915" status="PASS">
          <params>
            <param index="0">
              <value>
                <![CDATA["Passed Sign In functionality"]]>
              </value>
            </param>
            <param index="1">
              <value>
                <![CDATA["Sign In functionality"]]>
              </value>
            </param>
          </params>
          <reporter-output>
          </reporter-output>
        </test-method> <!-- runScenario -->
        <test-method signature="runScenario(io.cucumber.testng.PickleWrapper,io.cucumber.testng.FeatureWrapper)[pri:0, instance:com.ecommerce.qa.runners.TestNGRunner@3f191845]" started-at="2023-12-14T13:30:08 IST" name="runScenario" description="Runs Cucumber Scenarios" data-provider="scenarios" finished-at="2023-12-14T13:30:44 IST" duration-ms="36377" status="PASS">
          <params>
            <param index="0">
              <value>
                <![CDATA["Failed Sign In functionality"]]>
              </value>
            </param>
            <param index="1">
              <value>
                <![CDATA["Sign In functionality"]]>
              </value>
            </param>
          </params>
          <reporter-output>
          </reporter-output>
        </test-method> <!-- runScenario -->
        <test-method signature="runScenario(io.cucumber.testng.PickleWrapper,io.cucumber.testng.FeatureWrapper)[pri:0, instance:com.ecommerce.qa.runners.TestNGRunner@3f191845]" started-at="2023-12-14T13:30:44 IST" name="runScenario" description="Runs Cucumber Scenarios" data-provider="scenarios" finished-at="2023-12-14T13:31:29 IST" duration-ms="45233" status="PASS">
          <params>
            <param index="0">
              <value>
                <![CDATA["E-shop search page Positive testcase"]]>
              </value>
            </param>
            <param index="1">
              <value>
                <![CDATA["Search,Filter & Add To Cart Functionality"]]>
              </value>
            </param>
          </params>
          <reporter-output>
          </reporter-output>
        </test-method> <!-- runScenario -->
        <test-method signature="runScenario(io.cucumber.testng.PickleWrapper,io.cucumber.testng.FeatureWrapper)[pri:0, instance:com.ecommerce.qa.runners.TestNGRunner@3f191845]" started-at="2023-12-14T13:31:29 IST" name="runScenario" description="Runs Cucumber Scenarios" data-provider="scenarios" finished-at="2023-12-14T13:31:45 IST" duration-ms="15334" status="PASS">
          <params>
            <param index="0">
              <value>
                <![CDATA["E-shop search page Negative testcase"]]>
              </value>
            </param>
            <param index="1">
              <value>
                <![CDATA["Search,Filter & Add To Cart Functionality"]]>
              </value>
            </param>
          </params>
          <reporter-output>
          </reporter-output>
        </test-method> <!-- runScenario -->
        <test-method signature="runScenario(io.cucumber.testng.PickleWrapper,io.cucumber.testng.FeatureWrapper)[pri:0, instance:com.ecommerce.qa.runners.TestNGRunner@3f191845]" started-at="2023-12-14T13:31:45 IST" name="runScenario" description="Runs Cucumber Scenarios" data-provider="scenarios" finished-at="2023-12-14T13:31:59 IST" duration-ms="14411" status="PASS">
          <params>
            <param index="0">
              <value>
                <![CDATA["User subscribe with valid email"]]>
              </value>
            </param>
            <param index="1">
              <value>
                <![CDATA["Subscribe to Email"]]>
              </value>
            </param>
          </params>
          <reporter-output>
          </reporter-output>
        </test-method> <!-- runScenario -->
        <test-method signature="runScenario(io.cucumber.testng.PickleWrapper,io.cucumber.testng.FeatureWrapper)[pri:0, instance:com.ecommerce.qa.runners.TestNGRunner@3f191845]" started-at="2023-12-14T13:31:59 IST" name="runScenario" description="Runs Cucumber Scenarios" data-provider="scenarios" finished-at="2023-12-14T13:32:17 IST" duration-ms="17704" status="PASS">
          <params>
            <param index="0">
              <value>
                <![CDATA["user subscribe with Invalid email"]]>
              </value>
            </param>
            <param index="1">
              <value>
                <![CDATA["Subscribe to Email"]]>
              </value>
            </param>
          </params>
          <reporter-output>
          </reporter-output>
        </test-method> <!-- runScenario -->
        <test-method signature="runScenario(io.cucumber.testng.PickleWrapper,io.cucumber.testng.FeatureWrapper)[pri:0, instance:com.ecommerce.qa.runners.TestNGRunner@3f191845]" started-at="2023-12-14T13:32:17 IST" name="runScenario" description="Runs Cucumber Scenarios" data-provider="scenarios" finished-at="2023-12-14T13:35:11 IST" duration-ms="173671" status="PASS">
          <params>
            <param index="0">
              <value>
                <![CDATA["User submits the Contact Us Form Valid Data"]]>
              </value>
            </param>
            <param index="1">
              <value>
                <![CDATA["Contact Functionality"]]>
              </value>
            </param>
          </params>
          <reporter-output>
          </reporter-output>
        </test-method> <!-- runScenario -->
        <test-method signature="runScenario(io.cucumber.testng.PickleWrapper,io.cucumber.testng.FeatureWrapper)[pri:0, instance:com.ecommerce.qa.runners.TestNGRunner@3f191845]" started-at="2023-12-14T13:35:11 IST" name="runScenario" description="Runs Cucumber Scenarios" data-provider="scenarios" finished-at="2023-12-14T13:35:23 IST" duration-ms="12937" status="PASS">
          <params>
            <param index="0">
              <value>
                <![CDATA["User submits the Contact Us Form InValid Data"]]>
              </value>
            </param>
            <param index="1">
              <value>
                <![CDATA["Contact Functionality"]]>
              </value>
            </param>
          </params>
          <reporter-output>
          </reporter-output>
        </test-method> <!-- runScenario -->
        <test-method is-config="true" signature="tearDownClass()[pri:0, instance:com.ecommerce.qa.runners.TestNGRunner@3f191845]" started-at="2023-12-14T13:35:23 IST" name="tearDownClass" finished-at="2023-12-14T13:35:27 IST" duration-ms="3411" status="PASS">
          <reporter-output>
          </reporter-output>
        </test-method> <!-- tearDownClass -->
      </class> <!-- com.ecommerce.qa.runners.TestNGRunner -->
    </test> <!-- Default test -->
  </suite> <!-- Default suite -->
</testng-results>
