<?xml version="1.0" encoding="UTF-8"?>
<!-- Generated by org.testng.reporters.JUnitReportReporter -->
<testsuite hostname="LAPTOP-A67INA13" failures="2" tests="3" name="com.qa.chilternoak.runners.TestNGRunner" time="196.124" errors="0" timestamp="2023-12-13T10:25:05 IST" skipped="0">
  <testcase classname="com.qa.chilternoak.runners.TestNGRunner" name="runScenario" time="20.294">
    <failure message="The following asserts failed:
	Signout is not present" type="java.lang.AssertionError">
      <![CDATA[java.lang.AssertionError: The following asserts failed:
Signout is not present
at org.testng.asserts.SoftAssert.assertAll(SoftAssert.java:46)
at org.testng.asserts.SoftAssert.assertAll(SoftAssert.java:30)
at com.qa.chilternoak.steps.SignUpSteps.user_try_to_click_on_create_account(SignUpSteps.java:111)
at ✽.User try to click on create account(file:///C:/Users/kesava%20nagendra/eclipse-workspace/RLLProject/src/test/java/com/qa/chilternoak/features/SignUp.feature:20)
]]>
    </failure>
  </testcase> <!-- runScenario -->
  <system-out/>
  <testcase classname="com.qa.chilternoak.runners.TestNGRunner" name="runScenario" time="159.054"/>
  <system-out/>
  <testcase classname="com.qa.chilternoak.runners.TestNGRunner" name="runScenario" time="16.776">
    <failure message="The following asserts failed:
	Signout is not present" type="java.lang.AssertionError">
      <![CDATA[java.lang.AssertionError: The following asserts failed:
Signout is not present
at org.testng.asserts.SoftAssert.assertAll(SoftAssert.java:46)
at org.testng.asserts.SoftAssert.assertAll(SoftAssert.java:30)
at com.qa.chilternoak.steps.SignUpSteps.user_try_to_click_on_create_account(SignUpSteps.java:111)
at ✽.User try to click on create account(file:///C:/Users/kesava%20nagendra/eclipse-workspace/RLLProject/src/test/java/com/qa/chilternoak/features/SignUp.feature:20)
]]>
    </failure>
  </testcase> <!-- runScenario -->
  <system-out/>
</testsuite> <!-- com.qa.chilternoak.runners.TestNGRunner -->
