<?xml version="1.0" encoding="UTF-8"?>
<!-- Generated by org.testng.reporters.JUnitReportReporter -->
<testsuite hostname="LAPTOP-A67INA13" failures="2" tests="11" name="com.ecommerce.qa.runners.TestNGRunner" time="552.798" errors="0" timestamp="2023-12-14T13:35:27 IST" skipped="0">
  <testcase classname="com.ecommerce.qa.runners.TestNGRunner" name="runScenario" time="157.836"/>
  <system-out/>
  <testcase classname="com.ecommerce.qa.runners.TestNGRunner" name="runScenario" time="17.762">
    <failure message="The following asserts failed:
	Signout is not present" type="java.lang.AssertionError">
      <![CDATA[java.lang.AssertionError: The following asserts failed:
Signout is not present
at org.testng.asserts.SoftAssert.assertAll(SoftAssert.java:47)
at org.testng.asserts.SoftAssert.assertAll(SoftAssert.java:31)
at com.ecommerce.qa.steps.SignUpSteps.user_try_to_click_on_create_account(SignUpSteps.java:112)
at ✽.User try to click on create account(file:///C:/Users/kesava%20nagendra/eclipse-workspace/RLLFinal6-main/src/test/java/com/ecommerce/qa/features/A_SignUp.feature:19)
]]>
    </failure>
  </testcase> <!-- runScenario -->
  <system-out/>
  <testcase classname="com.ecommerce.qa.runners.TestNGRunner" name="runScenario" time="36.377"/>
  <system-out/>
  <testcase classname="com.ecommerce.qa.runners.TestNGRunner" name="runScenario" time="14.411"/>
  <system-out/>
  <testcase classname="com.ecommerce.qa.runners.TestNGRunner" name="runScenario" time="17.704"/>
  <system-out/>
  <testcase classname="com.ecommerce.qa.runners.TestNGRunner" name="runScenario" time="173.671"/>
  <system-out/>
  <testcase classname="com.ecommerce.qa.runners.TestNGRunner" name="runScenario" time="12.937"/>
  <system-out/>
  <testcase classname="com.ecommerce.qa.runners.TestNGRunner" name="runScenario" time="21.618">
    <failure message="The following asserts failed:
	Signout is not present" type="java.lang.AssertionError">
      <![CDATA[java.lang.AssertionError: The following asserts failed:
Signout is not present
at org.testng.asserts.SoftAssert.assertAll(SoftAssert.java:47)
at org.testng.asserts.SoftAssert.assertAll(SoftAssert.java:31)
at com.ecommerce.qa.steps.SignUpSteps.user_try_to_click_on_create_account(SignUpSteps.java:112)
at ✽.User try to click on create account(file:///C:/Users/kesava%20nagendra/eclipse-workspace/RLLFinal6-main/src/test/java/com/ecommerce/qa/features/A_SignUp.feature:19)
]]>
    </failure>
  </testcase> <!-- runScenario -->
  <system-out/>
  <testcase classname="com.ecommerce.qa.runners.TestNGRunner" name="runScenario" time="39.915"/>
  <system-out/>
  <testcase classname="com.ecommerce.qa.runners.TestNGRunner" name="runScenario" time="45.233"/>
  <system-out/>
  <testcase classname="com.ecommerce.qa.runners.TestNGRunner" name="runScenario" time="15.334"/>
  <system-out/>
</testsuite> <!-- com.ecommerce.qa.runners.TestNGRunner -->
