<html>
<head>
<title>TestNG:  CHILTERNOAK</title>
<link href="../testng.css" rel="stylesheet" type="text/css" />
<link href="../my-testng.css" rel="stylesheet" type="text/css" />

<style type="text/css">
.log { display: none;} 
.stack-trace { display: none;} 
</style>
<script type="text/javascript">
<!--
function flip(e) {
  current = e.style.display;
  if (current == 'block') {
    e.style.display = 'none';
    return 0;
  }
  else {
    e.style.display = 'block';
    return 1;
  }
}

function toggleBox(szDivId, elem, msg1, msg2)
{
  var res = -1;  if (document.getElementById) {
    res = flip(document.getElementById(szDivId));
  }
  else if (document.all) {
    // this is the way old msie versions work
    res = flip(document.all[szDivId]);
  }
  if(elem) {
    if(res == 0) elem.innerHTML = msg1; else elem.innerHTML = msg2;
  }

}

function toggleAllBoxes() {
  if (document.getElementsByTagName) {
    d = document.getElementsByTagName('div');
    for (i = 0; i < d.length; i++) {
      if (d[i].className == 'log') {
        flip(d[i]);
      }
    }
  }
}

// -->
</script>

</head>
<body>
<h2 align='center'>CHILTERNOAK</h2><table border='1' align="center">
<tr>
<td>Tests passed/Failed/Skipped:</td><td>1/2/0</td>
</tr><tr>
<td>Started on:</td><td>Wed Dec 13 10:21:44 IST 2023</td>
</tr>
<tr><td>Total time:</td><td>201 seconds (201213 ms)</td>
</tr><tr>
<td>Included groups:</td><td></td>
</tr><tr>
<td>Excluded groups:</td><td></td>
</tr>
</table><p/>
<small><i>(Hover the method name to see the test class name)</i></small><p/>
<table width='100%' border='1' class='invocation-failed'>
<tr><td colspan='4' align='center'><b>FAILED TESTS</b></td></tr>
<tr><td><b>Test method</b></td>
<td><b>Attribute(s)</b></td>
<td width="30%"><b>Exception</b></td>
<td width="10%"><b>Time (seconds)</b></td>
<td><b>Instance</b></td>
</tr>
<tr>
<td title='com.qa.chilternoak.runners.TestNGRunner.runScenario()'><b>runScenario</b><br>Test class: com.qa.chilternoak.runners.TestNGRunner<br>Test method: Runs Cucumber Scenarios<br>Parameters: "To test the SignUp functionality with Invalid data", "Test the functionality of Chilternoak Page"</td>
<td><div><pre>java.lang.AssertionError: The following asserts failed:
	Signout is not present
	at com.qa.chilternoak.steps.SignUpSteps.user_try_to_click_on_create_account(SignUpSteps.java:111)
	at ✽.User try to click on create account(file:///C:/Users/kesava%20nagendra/eclipse-workspace/RLLProject/src/test/java/com/qa/chilternoak/features/SignUp.feature:20)
... Removed 2 stack frames</pre></div><a href='#' onClick='toggleBox("stack-trace1980377966", this, "Click to show all stack frames", "Click to hide stack frames")'>Click to show all stack frames</a>
<div class='stack-trace' id='stack-trace1980377966'><pre>java.lang.AssertionError: The following asserts failed:
	Signout is not present
	at org.testng.asserts.SoftAssert.assertAll(SoftAssert.java:46)
	at org.testng.asserts.SoftAssert.assertAll(SoftAssert.java:30)
	at com.qa.chilternoak.steps.SignUpSteps.user_try_to_click_on_create_account(SignUpSteps.java:111)
	at ✽.User try to click on create account(file:///C:/Users/kesava%20nagendra/eclipse-workspace/RLLProject/src/test/java/com/qa/chilternoak/features/SignUp.feature:20)
</pre></div></td>
<td>20</td>
<td>com.qa.chilternoak.runners.TestNGRunner@184497d1</td></tr>
<tr>
<td title='com.qa.chilternoak.runners.TestNGRunner.runScenario()'><b>runScenario</b><br>Test class: com.qa.chilternoak.runners.TestNGRunner<br>Test method: Runs Cucumber Scenarios<br>Parameters: "To test the SignUp functionality with Invalid data", "Test the functionality of Chilternoak Page"</td>
<td><div><pre>java.lang.AssertionError: The following asserts failed:
	Signout is not present
	at com.qa.chilternoak.steps.SignUpSteps.user_try_to_click_on_create_account(SignUpSteps.java:111)
	at ✽.User try to click on create account(file:///C:/Users/kesava%20nagendra/eclipse-workspace/RLLProject/src/test/java/com/qa/chilternoak/features/SignUp.feature:20)
... Removed 2 stack frames</pre></div><a href='#' onClick='toggleBox("stack-trace1172716014", this, "Click to show all stack frames", "Click to hide stack frames")'>Click to show all stack frames</a>
<div class='stack-trace' id='stack-trace1172716014'><pre>java.lang.AssertionError: The following asserts failed:
	Signout is not present
	at org.testng.asserts.SoftAssert.assertAll(SoftAssert.java:46)
	at org.testng.asserts.SoftAssert.assertAll(SoftAssert.java:30)
	at com.qa.chilternoak.steps.SignUpSteps.user_try_to_click_on_create_account(SignUpSteps.java:111)
	at ✽.User try to click on create account(file:///C:/Users/kesava%20nagendra/eclipse-workspace/RLLProject/src/test/java/com/qa/chilternoak/features/SignUp.feature:20)
</pre></div></td>
<td>16</td>
<td>com.qa.chilternoak.runners.TestNGRunner@184497d1</td></tr>
</table><p>
<table width='100%' border='1' class='invocation-passed'>
<tr><td colspan='4' align='center'><b>PASSED TESTS</b></td></tr>
<tr><td><b>Test method</b></td>
<td><b>Attribute(s)</b></td>
<td width="30%"><b>Exception</b></td>
<td width="10%"><b>Time (seconds)</b></td>
<td><b>Instance</b></td>
</tr>
<tr>
<td title='com.qa.chilternoak.runners.TestNGRunner.runScenario()'><b>runScenario</b><br>Test class: com.qa.chilternoak.runners.TestNGRunner<br>Test method: Runs Cucumber Scenarios<br>Parameters: "To test the SignUp functionality with valid data", "Test the functionality of Chilternoak Page"</td>
<td></td>
<td>159</td>
<td>com.qa.chilternoak.runners.TestNGRunner@184497d1</td></tr>
</table><p>
</body>
</html>