<?xml version="1.0" encoding="UTF-8"?>
<!-- Generated by org.testng.reporters.JUnitXMLReporter -->
<testsuite ignored="0" hostname="LAPTOP-A67INA13" failures="2" tests="3" name="CHILTERNOAK" time="201.213" errors="0" timestamp="2023-12-13T10:25:05 IST">
  <testcase classname="io.cucumber.testng.AbstractTestNGCucumberTests" name="runScenario" time="159.054"/>
  <testcase classname="io.cucumber.testng.AbstractTestNGCucumberTests" name="runScenario" time="20.294">
    <failure type="java.lang.AssertionError" message="The following asserts failed:
	Signout is not present">
      <![CDATA[java.lang.AssertionError: The following asserts failed:
Signout is not present
at com.qa.chilternoak.steps.SignUpSteps.user_try_to_click_on_create_account(SignUpSteps.java:111)
at ✽.User try to click on create account(file:///C:/Users/kesava%20nagendra/eclipse-workspace/RLLProject/src/test/java/com/qa/chilternoak/features/SignUp.feature:20)
... Removed 2 stack frames]]>
    </failure>
  </testcase> <!-- runScenario -->
  <testcase classname="io.cucumber.testng.AbstractTestNGCucumberTests" name="runScenario" time="16.776">
    <failure type="java.lang.AssertionError" message="The following asserts failed:
	Signout is not present">
      <![CDATA[java.lang.AssertionError: The following asserts failed:
Signout is not present
at com.qa.chilternoak.steps.SignUpSteps.user_try_to_click_on_create_account(SignUpSteps.java:111)
at ✽.User try to click on create account(file:///C:/Users/kesava%20nagendra/eclipse-workspace/RLLProject/src/test/java/com/qa/chilternoak/features/SignUp.feature:20)
... Removed 2 stack frames]]>
    </failure>
  </testcase> <!-- runScenario -->
</testsuite> <!-- CHILTERNOAK -->
