<?xml version="1.0" encoding="UTF-8"?>
<testng-results ignored="0" total="3" passed="1" failed="2" skipped="0">
  <reporter-output>
  </reporter-output>
  <suite started-at="2023-12-13T10:21:44 IST" name="test1" finished-at="2023-12-13T10:25:05 IST" duration-ms="201213">
    <groups>
      <group name="cucumber">
        <method signature="AbstractTestNGCucumberTests.runScenario(io.cucumber.testng.PickleWrapper,io.cucumber.testng.FeatureWrapper)[pri:0, instance:com.qa.chilternoak.runners.TestNGRunner@184497d1]" name="runScenario" class="io.cucumber.testng.AbstractTestNGCucumberTests"/>
      </group> <!-- cucumber -->
    </groups>
    <test started-at="2023-12-13T10:21:44 IST" name="CHILTERNOAK" finished-at="2023-12-13T10:25:05 IST" duration-ms="201213">
      <class name="com.qa.chilternoak.runners.TestNGRunner">
        <test-method is-config="true" signature="setUpClass(org.testng.ITestContext)[pri:0, instance:com.qa.chilternoak.runners.TestNGRunner@184497d1]" started-at="2023-12-13T10:21:44 IST" name="setUpClass" finished-at="2023-12-13T10:21:45 IST" duration-ms="1367" status="PASS">
          <params>
            <param index="0">
              <value>
                <![CDATA[org.testng.TestRunner@c6c58ce]]>
              </value>
            </param>
          </params>
          <reporter-output>
          </reporter-output>
        </test-method> <!-- setUpClass -->
        <test-method signature="runScenario(io.cucumber.testng.PickleWrapper,io.cucumber.testng.FeatureWrapper)[pri:0, instance:com.qa.chilternoak.runners.TestNGRunner@184497d1]" started-at="2023-12-13T10:21:45 IST" name="runScenario" description="Runs Cucumber Scenarios" data-provider="scenarios" finished-at="2023-12-13T10:24:24 IST" duration-ms="159054" status="PASS">
          <params>
            <param index="0">
              <value>
                <![CDATA["To test the SignUp functionality with valid data"]]>
              </value>
            </param>
            <param index="1">
              <value>
                <![CDATA["Test the functionality of Chilternoak Page"]]>
              </value>
            </param>
          </params>
          <reporter-output>
          </reporter-output>
        </test-method> <!-- runScenario -->
        <test-method signature="runScenario(io.cucumber.testng.PickleWrapper,io.cucumber.testng.FeatureWrapper)[pri:0, instance:com.qa.chilternoak.runners.TestNGRunner@184497d1]" started-at="2023-12-13T10:24:24 IST" name="runScenario" description="Runs Cucumber Scenarios" data-provider="scenarios" finished-at="2023-12-13T10:24:45 IST" duration-ms="20294" status="FAIL">
          <params>
            <param index="0">
              <value>
                <![CDATA["To test the SignUp functionality with Invalid data"]]>
              </value>
            </param>
            <param index="1">
              <value>
                <![CDATA["Test the functionality of Chilternoak Page"]]>
              </value>
            </param>
          </params>
          <exception class="java.lang.AssertionError">
            <message>
              <![CDATA[The following asserts failed:
Signout is not present]]>
            </message>
            <full-stacktrace>
              <![CDATA[java.lang.AssertionError: The following asserts failed:
Signout is not present
at org.testng.asserts.SoftAssert.assertAll(SoftAssert.java:46)
at org.testng.asserts.SoftAssert.assertAll(SoftAssert.java:30)
at com.qa.chilternoak.steps.SignUpSteps.user_try_to_click_on_create_account(SignUpSteps.java:111)
at ✽.User try to click on create account(file:///C:/Users/kesava%20nagendra/eclipse-workspace/RLLProject/src/test/java/com/qa/chilternoak/features/SignUp.feature:20)
]]>
            </full-stacktrace>
          </exception> <!-- java.lang.AssertionError -->
          <reporter-output>
          </reporter-output>
        </test-method> <!-- runScenario -->
        <test-method signature="runScenario(io.cucumber.testng.PickleWrapper,io.cucumber.testng.FeatureWrapper)[pri:0, instance:com.qa.chilternoak.runners.TestNGRunner@184497d1]" started-at="2023-12-13T10:24:45 IST" name="runScenario" description="Runs Cucumber Scenarios" data-provider="scenarios" finished-at="2023-12-13T10:25:01 IST" duration-ms="16776" status="FAIL">
          <params>
            <param index="0">
              <value>
                <![CDATA["To test the SignUp functionality with Invalid data"]]>
              </value>
            </param>
            <param index="1">
              <value>
                <![CDATA["Test the functionality of Chilternoak Page"]]>
              </value>
            </param>
          </params>
          <exception class="java.lang.AssertionError">
            <message>
              <![CDATA[The following asserts failed:
Signout is not present]]>
            </message>
            <full-stacktrace>
              <![CDATA[java.lang.AssertionError: The following asserts failed:
Signout is not present
at org.testng.asserts.SoftAssert.assertAll(SoftAssert.java:46)
at org.testng.asserts.SoftAssert.assertAll(SoftAssert.java:30)
at com.qa.chilternoak.steps.SignUpSteps.user_try_to_click_on_create_account(SignUpSteps.java:111)
at ✽.User try to click on create account(file:///C:/Users/kesava%20nagendra/eclipse-workspace/RLLProject/src/test/java/com/qa/chilternoak/features/SignUp.feature:20)
]]>
            </full-stacktrace>
          </exception> <!-- java.lang.AssertionError -->
          <reporter-output>
          </reporter-output>
        </test-method> <!-- runScenario -->
        <test-method is-config="true" signature="tearDownClass()[pri:0, instance:com.qa.chilternoak.runners.TestNGRunner@184497d1]" started-at="2023-12-13T10:25:01 IST" name="tearDownClass" finished-at="2023-12-13T10:25:05 IST" duration-ms="3627" status="PASS">
          <reporter-output>
          </reporter-output>
        </test-method> <!-- tearDownClass -->
      </class> <!-- com.qa.chilternoak.runners.TestNGRunner -->
    </test> <!-- CHILTERNOAK -->
  </suite> <!-- test1 -->
</testng-results>
